#
# There is insufficient memory for the Java Runtime Environment to continue.
# Native memory allocation (malloc) failed to allocate 1048576 bytes for AllocateHeap
# Possible reasons:
#   The system is out of physical RAM or swap space
#   In 32 bit mode, the process size limit was hit
# Possible solutions:
#   Reduce memory load on the system
#   Increase physical memory or swap space
#   Check if swap backing store is full
#   Use 64 bit Java on a 64 bit OS
#   Decrease Java heap size (-Xmx/-Xms)
#   Decrease number of Java threads
#   Decrease Java thread stack sizes (-Xss)
#   Set larger code cache with -XX:ReservedCodeCacheSize=
# This output file may be truncated or incomplete.
#
#  Out of Memory Error (memory/allocation.inline.hpp:61), pid=10164, tid=0x00000000000021e0
#
# JRE version:  (8.0_152-b16) (build )
# Java VM: Java HotSpot(TM) 64-Bit Server VM (25.152-b16 mixed mode windows-amd64 compressed oops)
# Failed to write core dump. Minidumps are not enabled by default on client versions of Windows
#

---------------  T H R E A D  ---------------

Current thread (0x0000000002bbe800):  JavaThread "Unknown thread" [_thread_in_vm, id=8672, stack(0x0000000002bc0000,0x0000000002cc0000)]

Stack: [0x0000000002bc0000,0x0000000002cc0000]
[error occurred during error reporting (printing stack bounds), id 0xc0000005]

Native frames: (J=compiled Java code, j=interpreted, Vv=VM code, C=native code)


---------------  P R O C E S S  ---------------

Java Threads: ( => current thread )

Other Threads:

=>0x0000000002bbe800 (exited) JavaThread "Unknown thread" [_thread_in_vm, id=8672, stack(0x0000000002bc0000,0x0000000002cc0000)]

VM state:not at safepoint (normal execution)

VM Mutex/Monitor currently owned by a thread: None

Heap:
 PSYoungGen      total 38400K, used 665K [0x00000000d5580000, 0x00000000d8000000, 0x0000000100000000)
  eden space 33280K, 2% used [0x00000000d5580000,0x00000000d5626670,0x00000000d7600000)
  from space 5120K, 0% used [0x00000000d7b00000,0x00000000d7b00000,0x00000000d8000000)
  to   space 5120K, 0% used [0x00000000d7600000,0x00000000d7600000,0x00000000d7b00000)
 ParOldGen       total 87552K, used 0K [0x0000000080000000, 0x0000000085580000, 0x00000000d5580000)
  object space 87552K, 0% used [0x0000000080000000,0x0000000080000000,0x0000000085580000)
 Metaspace       used 770K, capacity 4480K, committed 4480K, reserved 1056768K
  class space    used 75K, capacity 384K, committed 384K, reserved 1048576K

Card table byte_map: [0x0000000012180000,0x0000000012590000] byte_map_base: 0x0000000011d80000

Marking Bits: (ParMarkBitMap*) 0x000000006e7b0860
 Begin Bits: [0x0000000013040000, 0x0000000015040000)
 End Bits:   [0x0000000015040000, 0x0000000017040000)

Polling page: 0x0000000002950000

CodeCache: size=245760Kb used=328Kb max_used=328Kb free=245431Kb
 bounds [0x0000000002dc0000, 0x0000000003030000, 0x0000000011dc0000]
 total_blobs=58 nmethods=0 adapters=38
 compilation: enabled

Compilation events (0 events):
No events

GC Heap History (0 events):
No events

Deoptimization events (0 events):
No events

Classes redefined (0 events):
No events

Internal exceptions (0 events):
No events

Events (10 events):
Event: 0.018 loading class java/lang/Short
Event: 0.018 loading class java/lang/Short done
Event: 0.018 loading class java/lang/Integer
Event: 0.018 loading class java/lang/Integer done
Event: 0.018 loading class java/lang/Long
Event: 0.018 loading class java/lang/Long done
Event: 0.018 loading class java/lang/NullPointerException
Event: 0.019 loading class java/lang/NullPointerException done
Event: 0.019 loading class java/lang/ArithmeticException
Event: 0.019 loading class java/lang/ArithmeticException done


Dynamic libraries:
0x00007ff71dcb0000 - 0x00007ff71dce7000 	C:\Program Files\Java\jdk1.8.0_152\bin\java.exe
0x00007ffe7ce60000 - 0x00007ffe7d03b000 	C:\WINDOWS\SYSTEM32\ntdll.dll
0x00007ffe7cd80000 - 0x00007ffe7ce2e000 	C:\WINDOWS\System32\KERNEL32.DLL
0x00007ffe79540000 - 0x00007ffe79789000 	C:\WINDOWS\System32\KERNELBASE.dll
0x00007ffe778d0000 - 0x00007ffe7794e000 	C:\WINDOWS\SYSTEM32\apphelp.dll
0x00007ffe7ca90000 - 0x00007ffe7cb31000 	C:\WINDOWS\System32\ADVAPI32.dll
0x00007ffe7ae60000 - 0x00007ffe7aefd000 	C:\WINDOWS\System32\msvcrt.dll
0x00007ffe7b480000 - 0x00007ffe7b4d9000 	C:\WINDOWS\System32\sechost.dll
0x00007ffe7aa70000 - 0x00007ffe7ab95000 	C:\WINDOWS\System32\RPCRT4.dll
0x00007ffe7a850000 - 0x00007ffe7a99a000 	C:\WINDOWS\System32\USER32.dll
0x00007ffe79520000 - 0x00007ffe7953e000 	C:\WINDOWS\System32\win32u.dll
0x00007ffe7cd50000 - 0x00007ffe7cd77000 	C:\WINDOWS\System32\GDI32.dll
0x00007ffe7a230000 - 0x00007ffe7a3b8000 	C:\WINDOWS\System32\gdi32full.dll
0x00007ffe79380000 - 0x00007ffe7941a000 	C:\WINDOWS\System32\msvcp_win.dll
0x00007ffe79790000 - 0x00007ffe79886000 	C:\WINDOWS\System32\ucrtbase.dll
0x00007ffe690f0000 - 0x00007ffe69357000 	C:\WINDOWS\WinSxS\amd64_microsoft.windows.common-controls_6595b64144ccf1df_6.0.15063.483_none_26002d27e7c744a2\COMCTL32.dll
0x00007ffe7a3c0000 - 0x00007ffe7a6b9000 	C:\WINDOWS\System32\combase.dll
0x00007ffe7a1c0000 - 0x00007ffe7a22a000 	C:\WINDOWS\System32\bcryptPrimitives.dll
0x00007ffe7ce30000 - 0x00007ffe7ce5d000 	C:\WINDOWS\System32\IMM32.DLL
0x000000006e830000 - 0x000000006e902000 	C:\Program Files\Java\jdk1.8.0_152\jre\bin\msvcr100.dll
0x000000006df90000 - 0x000000006e830000 	C:\Program Files\Java\jdk1.8.0_152\jre\bin\server\jvm.dll
0x00007ffe7cd40000 - 0x00007ffe7cd48000 	C:\WINDOWS\System32\PSAPI.DLL
0x00007ffe75e70000 - 0x00007ffe75e79000 	C:\WINDOWS\SYSTEM32\WSOCK32.dll
0x00007ffe72990000 - 0x00007ffe729b3000 	C:\WINDOWS\SYSTEM32\WINMM.dll
0x00007ffe729c0000 - 0x00007ffe729ca000 	C:\WINDOWS\SYSTEM32\VERSION.dll
0x00007ffe7aa00000 - 0x00007ffe7aa6c000 	C:\WINDOWS\System32\WS2_32.dll
0x00007ffe72910000 - 0x00007ffe7293b000 	C:\WINDOWS\SYSTEM32\WINMMBASE.dll
0x00007ffe794d0000 - 0x00007ffe79519000 	C:\WINDOWS\System32\cfgmgr32.dll
0x000000006f0b0000 - 0x000000006f0bf000 	C:\Program Files\Java\jdk1.8.0_152\jre\bin\verify.dll
0x000000006f080000 - 0x000000006f0a9000 	C:\Program Files\Java\jdk1.8.0_152\jre\bin\java.dll
0x000000006f060000 - 0x000000006f076000 	C:\Program Files\Java\jdk1.8.0_152\jre\bin\zip.dll

VM Arguments:
jvm_args: -Xmx2048M -Dfile.encoding=UTF8 
java_command: C:\Program Files\Unity\Editor\Data\PlaybackEngines\AndroidPlayer/Tools\sdktools.jar -
java_class_path (initial): C:\Program Files\Unity\Editor\Data\PlaybackEngines\AndroidPlayer/Tools\sdktools.jar
Launcher Type: SUN_STANDARD

Environment Variables:
JAVA_HOME=C:\Program Files\Java\jdk1.8.0_152
PATH=c:\windows\system32;c:\Program Files\Java\jdk1.8.0_152\bin;C:\Program Files\Git\bin;C:\Program Files\Git\cmd;C:\MinGW\bin;C:\Program Files\CMake\bin;C:\Users\asus\AppData\Local\Programs\Python\Python36-32;C:\Users\asus\AppData\Local\Programs\Python\Python36-32\Scripts;C:\xampp\mysql\bin;C:\Program Files (x86)\Rational\common;C:\Users\asus\AppData\Local\Programs\Python\Python36-32\Scripts\;C:\Users\asus\AppData\Local\Programs\Python\Python36-32\;C:\Users\asus\AppData\Local\Microsoft\WindowsApps
USERNAME=asus
OS=Windows_NT
PROCESSOR_IDENTIFIER=Intel64 Family 6 Model 94 Stepping 3, GenuineIntel



---------------  S Y S T E M  ---------------

OS: Windows 10.0 , 64 bit Build 15063 (10.0.15063.296)

CPU:total 8 (initial active 8) (4 cores per cpu, 2 threads per core) family 6 model 94 stepping 3, cmov, cx8, fxsr, mmx, sse, sse2, sse3, ssse3, sse4.1, sse4.2, popcnt, avx, avx2, aes, clmul, erms, rtm, 3dnowpref, lzcnt, ht, tsc, tscinvbit, bmi1, bmi2, adx

Memory: 4k page, physical 8281620k(1623072k free), swap 12377620k(6532k free)

vm_info: Java HotSpot(TM) 64-Bit Server VM (25.152-b16) for windows-amd64 JRE (1.8.0_152-b16), built on Sep 14 2017 02:29:36 by "java_re" with MS VC++ 10.0 (VS2010)

time: Sat Dec 30 11:24:00 2017
elapsed time: 0 seconds (0d 0h 0m 0s)

